<?xml version="1.0" encoding="UTF-8"?>
<robot generator="Robot 3.1.2 (Python 3.7.4 on darwin)" generated="20200218 15:06:16.665" rpa="false">
<suite id="s1" name="Test Robot" source="/Users/apples/Desktop/test/test_robot.robot">
<test id="s1-t1" name="Test Open Browser">
<kw name="Open Browser" library="SeleniumLibrary">
<doc>Opens a new browser instance to the given ``url``.</doc>
<arguments>
<arg>${URL}</arg>
<arg>${BROWSER}</arg>
</arguments>
<msg timestamp="20200218 15:06:16.905" level="INFO">Opening browser 'Chrome' to base url 'http://10.199.66.227/SoftEn2020/Sec01/MATPPP%20Software/AMS'.</msg>
<status status="PASS" starttime="20200218 15:06:16.905" endtime="20200218 15:06:20.646"></status>
</kw>
<status status="PASS" starttime="20200218 15:06:16.904" endtime="20200218 15:06:20.646" critical="yes"></status>
</test>
<test id="s1-t2" name="Test Keyword Computer In Table">
<kw name="Element Should Contain" library="SeleniumLibrary">
<doc>Verifies that element ``locator`` contains text ``expected``.</doc>
<arguments>
<arg>xpath=/html/body/div/table/tbody/tr[1]/td[1]</arg>
<arg>คพ-02-001</arg>
</arguments>
<msg timestamp="20200218 15:06:20.714" level="INFO">Element 'xpath=/html/body/div/table/tbody/tr[1]/td[1]' contains text 'คพ-02-001'.</msg>
<status status="PASS" starttime="20200218 15:06:20.649" endtime="20200218 15:06:20.714"></status>
</kw>
<kw name="Element Should Contain" library="SeleniumLibrary">
<doc>Verifies that element ``locator`` contains text ``expected``.</doc>
<arguments>
<arg>xpath=/html/body/div/table/tbody/tr[1]/td[2]</arg>
<arg>คอมพิวเตอร์</arg>
</arguments>
<msg timestamp="20200218 15:06:20.743" level="INFO">Element 'xpath=/html/body/div/table/tbody/tr[1]/td[2]' contains text 'คอมพิวเตอร์'.</msg>
<status status="PASS" starttime="20200218 15:06:20.714" endtime="20200218 15:06:20.743"></status>
</kw>
<kw name="Element Should Contain" library="SeleniumLibrary">
<doc>Verifies that element ``locator`` contains text ``expected``.</doc>
<arguments>
<arg>xpath=/html/body/div/table/tbody/tr[1]/td[3]</arg>
<arg>ครุภัณฑ์คอมพิวเตอร์</arg>
</arguments>
<msg timestamp="20200218 15:06:20.781" level="INFO">Element 'xpath=/html/body/div/table/tbody/tr[1]/td[3]' contains text 'ครุภัณฑ์คอมพิวเตอร์'.</msg>
<status status="PASS" starttime="20200218 15:06:20.744" endtime="20200218 15:06:20.782"></status>
</kw>
<kw name="Element Should Contain" library="SeleniumLibrary">
<doc>Verifies that element ``locator`` contains text ``expected``.</doc>
<arguments>
<arg>xpath=/html/body/div/table/tbody/tr[1]/td[4]</arg>
<arg>ว่าง</arg>
</arguments>
<msg timestamp="20200218 15:06:20.821" level="INFO">Element 'xpath=/html/body/div/table/tbody/tr[1]/td[4]' contains text 'ว่าง'.</msg>
<status status="PASS" starttime="20200218 15:06:20.782" endtime="20200218 15:06:20.821"></status>
</kw>
<status status="PASS" starttime="20200218 15:06:20.648" endtime="20200218 15:06:20.821" critical="yes"></status>
</test>
<test id="s1-t3" name="Test Keyword Keyboard In Table">
<kw name="Element Should Contain" library="SeleniumLibrary">
<doc>Verifies that element ``locator`` contains text ``expected``.</doc>
<arguments>
<arg>xpath=/html/body/div/table/tbody/tr[2]/td[1]</arg>
<arg>คพ-02-002</arg>
</arguments>
<msg timestamp="20200218 15:06:20.846" level="INFO">Element 'xpath=/html/body/div/table/tbody/tr[2]/td[1]' contains text 'คพ-02-002'.</msg>
<status status="PASS" starttime="20200218 15:06:20.822" endtime="20200218 15:06:20.847"></status>
</kw>
<kw name="Element Should Contain" library="SeleniumLibrary">
<doc>Verifies that element ``locator`` contains text ``expected``.</doc>
<arguments>
<arg>xpath=/html/body/div/table/tbody/tr[2]/td[2]</arg>
<arg>แป้นพิมพ์</arg>
</arguments>
<msg timestamp="20200218 15:06:20.875" level="INFO">Element 'xpath=/html/body/div/table/tbody/tr[2]/td[2]' contains text 'แป้นพิมพ์'.</msg>
<status status="PASS" starttime="20200218 15:06:20.847" endtime="20200218 15:06:20.876"></status>
</kw>
<kw name="Element Should Contain" library="SeleniumLibrary">
<doc>Verifies that element ``locator`` contains text ``expected``.</doc>
<arguments>
<arg>xpath=/html/body/div/table/tbody/tr[2]/td[3]</arg>
<arg>ครุภัณฑ์คอมพิวเตอร์</arg>
</arguments>
<msg timestamp="20200218 15:06:20.897" level="INFO">Element 'xpath=/html/body/div/table/tbody/tr[2]/td[3]' contains text 'ครุภัณฑ์คอมพิวเตอร์'.</msg>
<status status="PASS" starttime="20200218 15:06:20.876" endtime="20200218 15:06:20.897"></status>
</kw>
<kw name="Element Should Contain" library="SeleniumLibrary">
<doc>Verifies that element ``locator`` contains text ``expected``.</doc>
<arguments>
<arg>xpath=/html/body/div/table/tbody/tr[2]/td[4]</arg>
<arg>ว่าง</arg>
</arguments>
<msg timestamp="20200218 15:06:20.922" level="INFO">Element 'xpath=/html/body/div/table/tbody/tr[2]/td[4]' contains text 'ว่าง'.</msg>
<status status="PASS" starttime="20200218 15:06:20.898" endtime="20200218 15:06:20.922"></status>
</kw>
<status status="PASS" starttime="20200218 15:06:20.821" endtime="20200218 15:06:20.923" critical="yes"></status>
</test>
<test id="s1-t4" name="Test Keyword Microphone In Table">
<kw name="Element Should Contain" library="SeleniumLibrary">
<doc>Verifies that element ``locator`` contains text ``expected``.</doc>
<arguments>
<arg>xpath=/html/body/div/table/tbody/tr[4]/td[1]</arg>
<arg>ปส-04-001</arg>
</arguments>
<msg timestamp="20200218 15:06:20.950" level="INFO">Element 'xpath=/html/body/div/table/tbody/tr[4]/td[1]' contains text 'ปส-04-001'.</msg>
<status status="PASS" starttime="20200218 15:06:20.924" endtime="20200218 15:06:20.950"></status>
</kw>
<kw name="Element Should Contain" library="SeleniumLibrary">
<doc>Verifies that element ``locator`` contains text ``expected``.</doc>
<arguments>
<arg>xpath=/html/body/div/table/tbody/tr[4]/td[2]</arg>
<arg>ไมโครโฟน</arg>
</arguments>
<msg timestamp="20200218 15:06:20.977" level="INFO">Element 'xpath=/html/body/div/table/tbody/tr[4]/td[2]' contains text 'ไมโครโฟน'.</msg>
<status status="PASS" starttime="20200218 15:06:20.950" endtime="20200218 15:06:20.977"></status>
</kw>
<kw name="Element Should Contain" library="SeleniumLibrary">
<doc>Verifies that element ``locator`` contains text ``expected``.</doc>
<arguments>
<arg>xpath=/html/body/div/table/tbody/tr[4]/td[3]</arg>
<arg>ครุภัณฑ์ชุดขยายเสียง</arg>
</arguments>
<msg timestamp="20200218 15:06:21.002" level="INFO">Element 'xpath=/html/body/div/table/tbody/tr[4]/td[3]' contains text 'ครุภัณฑ์ชุดขยายเสียง'.</msg>
<status status="PASS" starttime="20200218 15:06:20.977" endtime="20200218 15:06:21.002"></status>
</kw>
<kw name="Element Should Contain" library="SeleniumLibrary">
<doc>Verifies that element ``locator`` contains text ``expected``.</doc>
<arguments>
<arg>xpath=/html/body/div/table/tbody/tr[4]/td[4]</arg>
<arg>ว่าง</arg>
</arguments>
<msg timestamp="20200218 15:06:21.027" level="INFO">Element 'xpath=/html/body/div/table/tbody/tr[4]/td[4]' contains text 'ว่าง'.</msg>
<status status="PASS" starttime="20200218 15:06:21.003" endtime="20200218 15:06:21.028"></status>
</kw>
<status status="PASS" starttime="20200218 15:06:20.923" endtime="20200218 15:06:21.028" critical="yes"></status>
</test>
<test id="s1-t5" name="Test Keyword Drone In Table">
<kw name="Element Should Contain" library="SeleniumLibrary">
<doc>Verifies that element ``locator`` contains text ``expected``.</doc>
<arguments>
<arg>xpath=/html/body/div/table/tbody/tr[5]/td[1]</arg>
<arg>สร-03-001</arg>
</arguments>
<msg timestamp="20200218 15:06:21.051" level="INFO">Element 'xpath=/html/body/div/table/tbody/tr[5]/td[1]' contains text 'สร-03-001'.</msg>
<status status="PASS" starttime="20200218 15:06:21.029" endtime="20200218 15:06:21.051"></status>
</kw>
<kw name="Element Should Contain" library="SeleniumLibrary">
<doc>Verifies that element ``locator`` contains text ``expected``.</doc>
<arguments>
<arg>xpath=/html/body/div/table/tbody/tr[5]/td[2]</arg>
<arg>โดรน</arg>
</arguments>
<msg timestamp="20200218 15:06:21.078" level="INFO">Element 'xpath=/html/body/div/table/tbody/tr[5]/td[2]' contains text 'โดรน'.</msg>
<status status="PASS" starttime="20200218 15:06:21.052" endtime="20200218 15:06:21.079"></status>
</kw>
<kw name="Element Should Contain" library="SeleniumLibrary">
<doc>Verifies that element ``locator`` contains text ``expected``.</doc>
<arguments>
<arg>xpath=/html/body/div/table/tbody/tr[5]/td[3]</arg>
<arg>ครุภัณฑ์สำรวจ</arg>
</arguments>
<msg timestamp="20200218 15:06:21.104" level="INFO">Element 'xpath=/html/body/div/table/tbody/tr[5]/td[3]' contains text 'ครุภัณฑ์สำรวจ'.</msg>
<status status="PASS" starttime="20200218 15:06:21.079" endtime="20200218 15:06:21.104"></status>
</kw>
<kw name="Element Should Contain" library="SeleniumLibrary">
<doc>Verifies that element ``locator`` contains text ``expected``.</doc>
<arguments>
<arg>xpath=/html/body/div/table/tbody/tr[5]/td[4]</arg>
<arg>ถูกยืม</arg>
</arguments>
<msg timestamp="20200218 15:06:21.129" level="INFO">Element 'xpath=/html/body/div/table/tbody/tr[5]/td[4]' contains text 'ถูกยืม'.</msg>
<status status="PASS" starttime="20200218 15:06:21.104" endtime="20200218 15:06:21.129"></status>
</kw>
<kw name="Close Browser" library="SeleniumLibrary">
<doc>Closes the current browser.</doc>
<status status="PASS" starttime="20200218 15:06:21.130" endtime="20200218 15:06:21.239"></status>
</kw>
<status status="PASS" starttime="20200218 15:06:21.028" endtime="20200218 15:06:21.240" critical="yes"></status>
</test>
<status status="PASS" starttime="20200218 15:06:16.666" endtime="20200218 15:06:21.243"></status>
</suite>
<statistics>
<total>
<stat pass="5" fail="0">Critical Tests</stat>
<stat pass="5" fail="0">All Tests</stat>
</total>
<tag>
</tag>
<suite>
<stat pass="5" fail="0" id="s1" name="Test Robot">Test Robot</stat>
</suite>
</statistics>
<errors>
</errors>
</robot>
